{
  "stats": {
    "suites": 1,
    "tests": 5,
    "passes": 5,
    "pending": 0,
    "failures": 0,
    "start": "2024-02-18T17:38:47.322Z",
    "end": "2024-02-18T17:38:52.261Z",
    "duration": 4939,
    "testsRegistered": 5,
    "passPercent": 100,
    "pendingPercent": 0,
    "other": 0,
    "hasOther": false,
    "skipped": 0,
    "hasSkipped": false
  },
  "results": [
    {
      "uuid": "5359c2d6-ff33-44b0-b86a-2bc998d87182",
      "title": "",
      "fullFile": "/Users/dhianiwidiya/Documents/Bootcamp QA Automation/Sanber-Tugas-Pekanan-3/module/test/suites/user.suite.js",
      "file": "/module/test/suites/user.suite.js",
      "beforeHooks": [],
      "afterHooks": [],
      "tests": [],
      "suites": [
        {
          "uuid": "ae1a2723-6f11-432e-bc24-2be5101567ed",
          "title": "End to End - Users",
          "fullFile": "/Users/dhianiwidiya/Documents/Bootcamp QA Automation/Sanber-Tugas-Pekanan-3/module/test/suites/user.suite.js",
          "file": "/module/test/suites/user.suite.js",
          "beforeHooks": [],
          "afterHooks": [],
          "tests": [
            {
              "title": "success login",
              "fullTitle": "End to End - Users success login",
              "timedOut": false,
              "duration": 512,
              "state": "passed",
              "speed": "slow",
              "pass": true,
              "fail": false,
              "pending": false,
              "context": null,
              "code": "const response = await loginToken()\n//expect((await response).status).to.equal(201)\nexpect(response).to.not.be.null;",
              "err": {},
              "uuid": "c4ee7102-8d10-4df1-9fd1-391d4656b1a1",
              "parentUUID": "ae1a2723-6f11-432e-bc24-2be5101567ed",
              "isHook": false,
              "skipped": false
            },
            {
              "title": "success create user",
              "fullTitle": "End to End - Users success create user",
              "timedOut": false,
              "duration": 899,
              "state": "passed",
              "speed": "slow",
              "pass": true,
              "fail": false,
              "pending": false,
              "context": null,
              "code": "const response = await createUser()\nexpect(response).to.not.be.null;",
              "err": {},
              "uuid": "15331018-cc1f-49d3-ab03-380a0db26632",
              "parentUUID": "ae1a2723-6f11-432e-bc24-2be5101567ed",
              "isHook": false,
              "skipped": false
            },
            {
              "title": "success get user detail",
              "fullTitle": "End to End - Users success get user detail",
              "timedOut": false,
              "duration": 1440,
              "state": "passed",
              "speed": "slow",
              "pass": true,
              "fail": false,
              "pending": false,
              "context": null,
              "code": "const response = await getUserDetail()\n\nexpect((await response).status).to.equal(200)\n//expect(response).to.not.be.null;",
              "err": {},
              "uuid": "90074c9c-d45a-4ac9-b33c-b1f64a63248e",
              "parentUUID": "ae1a2723-6f11-432e-bc24-2be5101567ed",
              "isHook": false,
              "skipped": false
            },
            {
              "title": "success get user list",
              "fullTitle": "End to End - Users success get user list",
              "timedOut": false,
              "duration": 626,
              "state": "passed",
              "speed": "slow",
              "pass": true,
              "fail": false,
              "pending": false,
              "context": null,
              "code": "const response = await getUserParam()\n\nexpect((await response).status).to.equal(200)\nconsole.log((await response).body)",
              "err": {},
              "uuid": "a0451b99-df3b-47cc-9a3c-7f425b7ed162",
              "parentUUID": "ae1a2723-6f11-432e-bc24-2be5101567ed",
              "isHook": false,
              "skipped": false
            },
            {
              "title": "success update user",
              "fullTitle": "End to End - Users success update user",
              "timedOut": false,
              "duration": 1456,
              "state": "passed",
              "speed": "slow",
              "pass": true,
              "fail": false,
              "pending": false,
              "context": null,
              "code": "const response = await UpdateUser()\nexpect((await response).status).to.equal(200)\n//console.log((await response).body)",
              "err": {},
              "uuid": "fd5a50ea-f1d7-49d2-af60-46aaee13929e",
              "parentUUID": "ae1a2723-6f11-432e-bc24-2be5101567ed",
              "isHook": false,
              "skipped": false
            }
          ],
          "suites": [],
          "passes": [
            "c4ee7102-8d10-4df1-9fd1-391d4656b1a1",
            "15331018-cc1f-49d3-ab03-380a0db26632",
            "90074c9c-d45a-4ac9-b33c-b1f64a63248e",
            "a0451b99-df3b-47cc-9a3c-7f425b7ed162",
            "fd5a50ea-f1d7-49d2-af60-46aaee13929e"
          ],
          "failures": [],
          "pending": [],
          "skipped": [],
          "duration": 4933,
          "root": false,
          "rootEmpty": false,
          "_timeout": 2000
        }
      ],
      "passes": [],
      "failures": [],
      "pending": [],
      "skipped": [],
      "duration": 0,
      "root": true,
      "rootEmpty": true,
      "_timeout": 2000
    }
  ],
  "meta": {
    "mocha": {
      "version": "10.3.0"
    },
    "mochawesome": {
      "options": {
        "quiet": false,
        "reportFilename": "mochawesome",
        "saveHtml": true,
        "saveJson": true,
        "consoleReporter": "spec",
        "useInlineDiffs": false,
        "code": true
      },
      "version": "7.1.3"
    },
    "marge": {
      "options": null,
      "version": "6.2.0"
    }
  }
}